
> premium-dentist@0.1.0 build
> next build

Γû▓ Next.js 16.1.6 (Turbopack)

  Creating an optimized production build ...
node.exe : 
At line:1 char:1
+ & "C:\Program 
Files\nodejs/node.exe" "C:\Program 
Files\nodejs/node_mo ...
+ ~~~~~~~~~~~~~~~~~~~~~~~~~~~~~~~~~~~
~~~~~~~~~~~~~~~~~~~~~~~~~~~~~~~~~~
    + CategoryInfo          : NotSpe 
   cified: (:String) [], RemoteExce  
  ption
    + FullyQualifiedErrorId : Native 
   CommandError
 
> Build error occurred
Error: Turbopack build failed with 1 
errors:
./src/app/book-appointment/page.tsx:5
:1
Module not found: Can't resolve 
'@resolvers/zod'
[0m [90m 3 |[39m [36mimport[39m 
{ useState } [36mfrom[39m 
[32m"react"[39m[33m;[39m
 [90m 4 |[39m [36mimport[39m { 
useForm } [36mfrom[39m [32m"react-
hook-form"[39m[33m;[39m
[31m[1m>[22m[39m[90m 5 |[39m 
[36mimport[39m { zodResolver } 
[36mfrom[39m 
[32m"@resolvers/zod"[39m[33m;[39m
 [90m   |[39m [31m[1m^[22m[39m
[31m[1m^[22m[39m[31m[1m^[22m[3
9m[31m[1m^[22m[39m[31m[1m^[22m
[39m[31m[1m^[22m[39m[31m[1m^[
22m[39m[31m[1m^[22m[39m[31m[1m
^[22m[39m[31m[1m^[22m[39m[31m
[1m^[22m[39m[31m[1m^[22m[39m[3
1m[1m^[22m[39m[31m[1m^[22m[39m
[31m[1m^[22m[39m[31m[1m^[22m[
39m[31m[1m^[22m[39m[31m[1m^[22
m[39m[31m[1m^[22m[39m[31m[1m^
[22m[39m[31m[1m^[22m[39m[31m[1
m^[22m[39m[31m[1m^[22m[39m[31m
[1m^[22m[39m[31m[1m^[22m[39m[
31m[1m^[22m[39m[31m[1m^[22m[39
m[31m[1m^[22m[39m[31m[1m^[22m
[39m[31m[1m^[22m[39m[31m[1m^[2
2m[39m[31m[1m^[22m[39m[31m[1m^
[22m[39m[31m[1m^[22m[39m[31m[
1m^[22m[39m[31m[1m^[22m[39m[31
m[1m^[22m[39m[31m[1m^[22m[39m
[31m[1m^[22m[39m[31m[1m^[22m[3
9m[31m[1m^[22m[39m[31m[1m^[22m
[39m[31m[1m^[22m[39m[31m[1m^[
22m[39m[31m[1m^[22m[39m
 [90m 6 |[39m [36mimport[39m 
[33m*[39m [36mas[39m z 
[36mfrom[39m 
[32m"zod"[39m[33m;[39m
 [90m 7 |[39m [36mimport[39m { 
[33mContainer[39m[33m,[39m 
[33mSection[39m } [36mfrom[39m [
32m"@/components/ui/container"[39m[
33m;[39m
 [90m 8 |[39m [36mimport[39m { 
[33mButton[39m } [36mfrom[39m [3
2m"@/components/ui/button"[39m[33m;
[39m[0m



Import traces:
  Client Component Browser:
    
./src/app/book-appointment/page.tsx 
[Client Component Browser]
    
./src/app/book-appointment/page.tsx 
[Server Component]

  Client Component SSR:
    
./src/app/book-appointment/page.tsx 
[Client Component SSR]
    
./src/app/book-appointment/page.tsx 
[Server Component]

https://nextjs.org/docs/messages/modu
le-not-found


    at <unknown> (./src/app/book-appo
intment/page.tsx:5:1)
    at <unknown> (https://nextjs.org/
docs/messages/module-not-found)
